Build started 21/03/2016 20:11:54.
     1>Project "C:\Users\Ed\Documents\Juce_Plugins\Chorus\Builds\VisualStudio2013\Chorus.vcxproj" on node 2 (Build target(s)).
     1>ClCompile:
         C:\Program Files (x86)\Microsoft Visual Studio 12.0\VC\bin\x86_amd64\CL.exe /c /Zi /nologo /W1 /WX- /O2 /Gm- /EHsc /MD /GS /fp:precise /Zc:wchar_t /Zc:forScope /Fo"x64\Debug\\" /Fd"x64\Debug\vc120.pdb" /Gd /TP /errorReport:prompt ..\..\Source\PluginProcessor.cpp ..\..\Source\PluginEditor.cpp ..\..\..\..\Juce\modules\juce_audio_plugin_client\AAX\juce_AAX_Wrapper.cpp ..\..\..\..\Juce\modules\juce_audio_basics\juce_audio_basics.cpp ..\..\..\..\Juce\modules\juce_audio_devices\juce_audio_devices.cpp ..\..\..\..\Juce\modules\juce_audio_formats\juce_audio_formats.cpp ..\..\..\..\Juce\modules\juce_audio_processors\juce_audio_processors.cpp ..\..\..\..\Juce\modules\juce_core\juce_core.cpp ..\..\..\..\Juce\modules\juce_cryptography\juce_cryptography.cpp ..\..\..\..\Juce\modules\juce_data_structures\juce_data_structures.cpp ..\..\..\..\Juce\modules\juce_events\juce_events.cpp ..\..\..\..\Juce\modules\juce_graphics\juce_graphics.cpp ..\..\..\..\Juce\modules\juce_gui_basics\juce_gui_basics.cpp ..\..\..\..\Juce\modules\juce_gui_extra\juce_gui_extra.cpp ..\..\..\..\Juce\modules\juce_opengl\juce_opengl.cpp ..\..\..\..\Juce\modules\juce_audio_plugin_client\utility\juce_PluginUtilities.cpp ..\..\..\..\Juce\modules\juce_video\juce_video.cpp ..\..\..\..\Juce\modules\juce_audio_plugin_client\VST\juce_VST_Wrapper.cpp ..\..\..\..\Juce\modules\juce_audio_plugin_client\VST3\juce_VST3_Wrapper.cpp
         PluginProcessor.cpp
         PluginEditor.cpp
         juce_AAX_Wrapper.cpp
     1>..\..\..\..\Juce\modules\juce_audio_plugin_client\AAX\juce_AAX_Wrapper.cpp(27): fatal error C1083: Cannot open include file: 'AppConfig.h': No such file or directory
         juce_audio_basics.cpp
     1>..\..\..\..\Juce\modules\juce_audio_basics\juce_audio_basics.cpp(36): fatal error C1083: Cannot open include file: 'AppConfig.h': No such file or directory
         juce_audio_devices.cpp
     1>..\..\..\..\Juce\modules\juce_audio_devices\juce_audio_devices.cpp(36): fatal error C1083: Cannot open include file: 'AppConfig.h': No such file or directory
         juce_audio_formats.cpp
     1>..\..\..\..\Juce\modules\juce_audio_formats\juce_audio_formats.cpp(36): fatal error C1083: Cannot open include file: 'AppConfig.h': No such file or directory
         juce_audio_processors.cpp
     1>..\..\..\..\Juce\modules\juce_audio_processors\juce_audio_processors.cpp(36): fatal error C1083: Cannot open include file: 'AppConfig.h': No such file or directory
         juce_core.cpp
     1>..\..\..\..\Juce\modules\juce_core\juce_core.cpp(40): fatal error C1083: Cannot open include file: 'AppConfig.h': No such file or directory
         juce_cryptography.cpp
     1>..\..\..\..\Juce\modules\juce_cryptography\juce_cryptography.cpp(36): fatal error C1083: Cannot open include file: 'AppConfig.h': No such file or directory
         juce_data_structures.cpp
     1>..\..\..\..\Juce\modules\juce_data_structures\juce_data_structures.cpp(36): fatal error C1083: Cannot open include file: 'AppConfig.h': No such file or directory
         juce_events.cpp
     1>..\..\..\..\Juce\modules\juce_events\juce_events.cpp(36): fatal error C1083: Cannot open include file: 'AppConfig.h': No such file or directory
         juce_graphics.cpp
     1>..\..\..\..\Juce\modules\juce_graphics\juce_graphics.cpp(36): fatal error C1083: Cannot open include file: 'AppConfig.h': No such file or directory
         juce_gui_basics.cpp
     1>..\..\..\..\Juce\modules\juce_gui_basics\juce_gui_basics.cpp(36): fatal error C1083: Cannot open include file: 'AppConfig.h': No such file or directory
         juce_gui_extra.cpp
     1>..\..\..\..\Juce\modules\juce_gui_extra\juce_gui_extra.cpp(36): fatal error C1083: Cannot open include file: 'AppConfig.h': No such file or directory
         juce_opengl.cpp
     1>..\..\..\..\Juce\modules\juce_opengl\juce_opengl.cpp(36): fatal error C1083: Cannot open include file: 'AppConfig.h': No such file or directory
         juce_PluginUtilities.cpp
     1>..\..\..\..\Juce\modules\juce_audio_plugin_client\utility\juce_PluginUtilities.cpp(31): fatal error C1083: Cannot open include file: 'AppConfig.h': No such file or directory
         juce_video.cpp
     1>..\..\..\..\Juce\modules\juce_video\juce_video.cpp(36): fatal error C1083: Cannot open include file: 'AppConfig.h': No such file or directory
         juce_VST_Wrapper.cpp
     1>..\..\..\..\Juce\modules\juce_audio_plugin_client\VST\juce_VST_Wrapper.cpp(27): fatal error C1083: Cannot open include file: 'AppConfig.h': No such file or directory
         juce_VST3_Wrapper.cpp
     1>..\..\..\..\Juce\modules\juce_audio_plugin_client\VST3\juce_VST3_Wrapper.cpp(27): fatal error C1083: Cannot open include file: 'AppConfig.h': No such file or directory
         Generating Code...
     1>Done Building Project "C:\Users\Ed\Documents\Juce_Plugins\Chorus\Builds\VisualStudio2013\Chorus.vcxproj" (Build target(s)) -- FAILED.

Build FAILED.

Time Elapsed 00:00:10.77
