c:\users\ed\documents\juce_plugins\chorus\builds\visualstudio2013\debug\chorus.lib
c:\users\ed\documents\juce_plugins\chorus\builds\visualstudio2013\debug\chorus.exp
c:\users\ed\documents\juce_plugins\chorus\builds\visualstudio2013\debug\vc120.pdb
c:\users\ed\documents\juce_plugins\chorus\builds\visualstudio2013\debug\juce_rtas_digicode2.obj
c:\users\ed\documents\juce_plugins\chorus\builds\visualstudio2013\debug\juce_rtas_winutilities.obj
c:\users\ed\documents\juce_plugins\chorus\builds\visualstudio2013\debug\juce_rtas_digicode1.obj
c:\users\ed\documents\juce_plugins\chorus\builds\visualstudio2013\debug\juce_rtas_digicode3.obj
c:\users\ed\documents\juce_plugins\chorus\builds\visualstudio2013\debug\juce_rtas_wrapper.obj
c:\users\ed\documents\juce_plugins\chorus\builds\visualstudio2013\debug\pluginprocessor.obj
c:\users\ed\documents\juce_plugins\chorus\builds\visualstudio2013\debug\plugineditor.obj
c:\users\ed\documents\juce_plugins\chorus\builds\visualstudio2013\debug\chorus.dll
c:\users\ed\documents\juce_plugins\chorus\builds\visualstudio2013\debug\chorus.pdb
c:\users\ed\documents\juce_plugins\chorus\builds\visualstudio2013\debug\resources.res
c:\users\ed\documents\juce_plugins\chorus\builds\visualstudio2013\debug\juce_aax_wrapper.obj
c:\users\ed\documents\juce_plugins\chorus\builds\visualstudio2013\debug\juce_audio_basics.obj
c:\users\ed\documents\juce_plugins\chorus\builds\visualstudio2013\debug\juce_audio_devices.obj
c:\users\ed\documents\juce_plugins\chorus\builds\visualstudio2013\debug\juce_audio_formats.obj
c:\users\ed\documents\juce_plugins\chorus\builds\visualstudio2013\debug\juce_audio_processors.obj
c:\users\ed\documents\juce_plugins\chorus\builds\visualstudio2013\debug\juce_core.obj
c:\users\ed\documents\juce_plugins\chorus\builds\visualstudio2013\debug\juce_cryptography.obj
c:\users\ed\documents\juce_plugins\chorus\builds\visualstudio2013\debug\juce_data_structures.obj
c:\users\ed\documents\juce_plugins\chorus\builds\visualstudio2013\debug\juce_events.obj
c:\users\ed\documents\juce_plugins\chorus\builds\visualstudio2013\debug\juce_graphics.obj
c:\users\ed\documents\juce_plugins\chorus\builds\visualstudio2013\debug\juce_gui_basics.obj
c:\users\ed\documents\juce_plugins\chorus\builds\visualstudio2013\debug\juce_gui_extra.obj
c:\users\ed\documents\juce_plugins\chorus\builds\visualstudio2013\debug\juce_opengl.obj
c:\users\ed\documents\juce_plugins\chorus\builds\visualstudio2013\debug\juce_pluginutilities.obj
c:\users\ed\documents\juce_plugins\chorus\builds\visualstudio2013\debug\juce_video.obj
c:\users\ed\documents\juce_plugins\chorus\builds\visualstudio2013\debug\juce_vst3_wrapper.obj
c:\users\ed\documents\juce_plugins\chorus\builds\visualstudio2013\debug\juce_vst_wrapper.obj
c:\users\ed\documents\juce_plugins\chorus\builds\visualstudio2013\debug\vc120.idb
c:\users\ed\documents\juce_plugins\chorus\builds\visualstudio2013\debug\chorus.tlog\chorus.write.1u.tlog
c:\users\ed\documents\juce_plugins\chorus\builds\visualstudio2013\debug\chorus.tlog\cl.command.1.tlog
c:\users\ed\documents\juce_plugins\chorus\builds\visualstudio2013\debug\chorus.tlog\cl.read.1.tlog
c:\users\ed\documents\juce_plugins\chorus\builds\visualstudio2013\debug\chorus.tlog\cl.write.1.tlog
c:\users\ed\documents\juce_plugins\chorus\builds\visualstudio2013\debug\chorus.tlog\link.command.1.tlog
c:\users\ed\documents\juce_plugins\chorus\builds\visualstudio2013\debug\chorus.tlog\link.read.1.tlog
c:\users\ed\documents\juce_plugins\chorus\builds\visualstudio2013\debug\chorus.tlog\link.write.1.tlog
c:\users\ed\documents\juce_plugins\chorus\builds\visualstudio2013\debug\chorus.tlog\rc.command.1.tlog
c:\users\ed\documents\juce_plugins\chorus\builds\visualstudio2013\debug\chorus.tlog\rc.read.1.tlog
c:\users\ed\documents\juce_plugins\chorus\builds\visualstudio2013\debug\chorus.tlog\rc.write.1.tlog
